2018-01-12T07:00:00.000Z
2018-01-17T06:59:59.000Z
***Time Period From 2018-01-12T07:00:00.000Z To 2018-01-17T06:59:59.000Z
***Expected Fields ==> "Open","High","Low","Last"
__faV4EyZzyqAwu4j59EX4yGgG6REsw3I-hZhMAvEl5eeBQyJLmTJS0R5EQtGkCr4T7G0GFfZnxx_ukDB3rJdlloMs7qC6asGxWF9r-wt1YGIOR-NOkchn2wZI9y-uk9MOT6BbEY8r38HtEjXe-07-p82hayQFaMyb-TipsJ3laeVMh0JbKoUwmYOGlSZ8HoV-HFm4XCpWjenB-z3caoIDpaeh591OcIFOPvX8ZRGXoH75m3jFMsiBs-OiZ2CKwQVZ14_htPm7syrlBAjSGVqacZN8dEJ7nreMwD-qE5dPr4
***** DEBUG FIELD NAME = ['Open', 'High', 'Low', 'Last']
/RestApi/v1/Extractions/ExtractRawResult(ExtractionId='0x0607719d494b2f76')
..... Waiting for data ready on TickHist Service.
..... Waiting for data ready on TickHist Service.
0x0607719d494b2f76
    assetCode                 windowTimestamp    Open    High     Low    Last
3         Cc1  2018-01-12T01:00:00.000000000Z  348.75  349.00  348.00  348.75
4         Cc1  2018-01-12T02:00:00.000000000Z  348.75  348.75  348.50  348.75
5         Cc1  2018-01-12T03:00:00.000000000Z  348.75  348.75  348.50  348.75
6         Cc1  2018-01-12T04:00:00.000000000Z  348.50  349.00  348.50  348.75
7         Cc1  2018-01-12T05:00:00.000000000Z  348.75  348.75  348.50  348.75
8         Cc1  2018-01-12T06:00:00.000000000Z  348.75  348.75  348.50  348.75
9         Cc1  2018-01-12T07:00:00.000000000Z  348.75  349.25  348.50  349.25
10        Cc1  2018-01-12T08:00:00.000000000Z  349.25  349.50  349.00  349.25
11        Cc1  2018-01-12T09:00:00.000000000Z  349.00  349.50  348.75  349.50
12        Cc1  2018-01-12T10:00:00.000000000Z  349.50  349.75  349.25  349.50
13        Cc1  2018-01-12T11:00:00.000000000Z  349.50  349.50  349.25  349.25
14        Cc1  2018-01-12T12:00:00.000000000Z  349.50  349.50  349.25  349.25
15        Cc1  2018-01-12T13:00:00.000000000Z  349.25  349.75  349.25  349.25
16        Cc1  2018-01-12T14:00:00.000000000Z  349.25  349.75  348.75  349.25
17        Cc1  2018-01-12T15:00:00.000000000Z  349.25  349.75  348.75  349.00
18        Cc1  2018-01-12T16:00:00.000000000Z  349.00  349.50  348.25  349.00
19        Cc1  2018-01-12T17:00:00.000000000Z  349.00  350.00  346.00  346.50
20        Cc1  2018-01-12T18:00:00.000000000Z  346.50  346.50  345.50  346.25
21        Cc1  2018-01-12T19:00:00.000000000Z  346.25  347.50  345.75  347.25
99        Cc1  2018-01-16T01:00:00.000000000Z  347.25  349.25  347.00  348.50
100       Cc1  2018-01-16T02:00:00.000000000Z  348.25  348.75  348.00  348.00
101       Cc1  2018-01-16T03:00:00.000000000Z  348.00  348.25  347.75  347.75
102       Cc1  2018-01-16T04:00:00.000000000Z  347.75  348.00  347.50  347.75
103       Cc1  2018-01-16T05:00:00.000000000Z  347.50  348.00  347.50  347.75
104       Cc1  2018-01-16T06:00:00.000000000Z  347.75  348.00  347.75  348.00
105       Cc1  2018-01-16T07:00:00.000000000Z  348.00  348.00  347.75  347.75
106       Cc1  2018-01-16T08:00:00.000000000Z  348.00  348.00  347.50  347.75
107       Cc1  2018-01-16T09:00:00.000000000Z  347.50  347.75  347.25  347.75
108       Cc1  2018-01-16T10:00:00.000000000Z  347.75  347.75  347.50  347.75
109       Cc1  2018-01-16T11:00:00.000000000Z  347.75  347.75  347.50  347.50
110       Cc1  2018-01-16T12:00:00.000000000Z  347.75  348.50  347.50  348.25
111       Cc1  2018-01-16T13:00:00.000000000Z  348.25  348.50  348.00  348.25
112       Cc1  2018-01-16T14:00:00.000000000Z  348.00  348.75  346.25  346.50
113       Cc1  2018-01-16T15:00:00.000000000Z  346.50  347.00  346.25  346.75
114       Cc1  2018-01-16T16:00:00.000000000Z  346.75  346.75  346.00  346.25
115       Cc1  2018-01-16T17:00:00.000000000Z  346.25  347.00  346.00  346.75
116       Cc1  2018-01-16T18:00:00.000000000Z  346.50  347.50  346.50  347.25
117       Cc1  2018-01-16T19:00:00.000000000Z  347.25  349.00  347.25  348.50
2018-01-12T07:00:00.000Z
2018-01-17T06:59:59.000Z
***Time Period From 2018-01-12T07:00:00.000Z To 2018-01-17T06:59:59.000Z
***Expected Fields ==> "Open","High","Low","Last"
_hNogcm77JI9VyPM3OCdIlXOPP71wGIup83AwA23H_EWz-zdaKTQ0jTj31mRZTRn_DxrweeFyE4sCv5tPaVoUzYanil9o77KDc5EU9NRpHdkMWY9vu18f7hZP5OwPVOMkoOPYuajPXBeFiCK_79C_CuF5DNDhpTLOD-ASSpj-WuUKjzLf6TES1jsrfj-6G-KbjMWDZWrNdk5IsCSKtE2ZhiChz2y9ArIJItGD7Gz8_NaRPa68KxqQpE7FLyZHTY9Xymlk0oAHZaf2TYi5x6uXP-jEGNH8IEVDV6MSj6TYs5I
***** DEBUG FIELD NAME = ['Open', 'High', 'Low', 'Last']
/RestApi/v1/Extractions/ExtractRawResult(ExtractionId='0x0607722017bb2f96')
..... Waiting for data ready on TickHist Service.
..... Waiting for data ready on TickHist Service.
0x0607722017bb2f96
    assetCode                 windowTimestamp    Open    High     Low    Last
3         Cc1  2018-01-12T01:00:00.000000000Z  348.75  349.00  348.00  348.75
4         Cc1  2018-01-12T02:00:00.000000000Z  348.75  348.75  348.50  348.75
5         Cc1  2018-01-12T03:00:00.000000000Z  348.75  348.75  348.50  348.75
6         Cc1  2018-01-12T04:00:00.000000000Z  348.50  349.00  348.50  348.75
7         Cc1  2018-01-12T05:00:00.000000000Z  348.75  348.75  348.50  348.75
8         Cc1  2018-01-12T06:00:00.000000000Z  348.75  348.75  348.50  348.75
9         Cc1  2018-01-12T07:00:00.000000000Z  348.75  349.25  348.50  349.25
10        Cc1  2018-01-12T08:00:00.000000000Z  349.25  349.50  349.00  349.25
11        Cc1  2018-01-12T09:00:00.000000000Z  349.00  349.50  348.75  349.50
12        Cc1  2018-01-12T10:00:00.000000000Z  349.50  349.75  349.25  349.50
13        Cc1  2018-01-12T11:00:00.000000000Z  349.50  349.50  349.25  349.25
14        Cc1  2018-01-12T12:00:00.000000000Z  349.50  349.50  349.25  349.25
15        Cc1  2018-01-12T13:00:00.000000000Z  349.25  349.75  349.25  349.25
16        Cc1  2018-01-12T14:00:00.000000000Z  349.25  349.75  348.75  349.25
17        Cc1  2018-01-12T15:00:00.000000000Z  349.25  349.75  348.75  349.00
18        Cc1  2018-01-12T16:00:00.000000000Z  349.00  349.50  348.25  349.00
19        Cc1  2018-01-12T17:00:00.000000000Z  349.00  350.00  346.00  346.50
20        Cc1  2018-01-12T18:00:00.000000000Z  346.50  346.50  345.50  346.25
21        Cc1  2018-01-12T19:00:00.000000000Z  346.25  347.50  345.75  347.25
99        Cc1  2018-01-16T01:00:00.000000000Z  347.25  349.25  347.00  348.50
100       Cc1  2018-01-16T02:00:00.000000000Z  348.25  348.75  348.00  348.00
101       Cc1  2018-01-16T03:00:00.000000000Z  348.00  348.25  347.75  347.75
102       Cc1  2018-01-16T04:00:00.000000000Z  347.75  348.00  347.50  347.75
103       Cc1  2018-01-16T05:00:00.000000000Z  347.50  348.00  347.50  347.75
104       Cc1  2018-01-16T06:00:00.000000000Z  347.75  348.00  347.75  348.00
105       Cc1  2018-01-16T07:00:00.000000000Z  348.00  348.00  347.75  347.75
106       Cc1  2018-01-16T08:00:00.000000000Z  348.00  348.00  347.50  347.75
107       Cc1  2018-01-16T09:00:00.000000000Z  347.50  347.75  347.25  347.75
108       Cc1  2018-01-16T10:00:00.000000000Z  347.75  347.75  347.50  347.75
109       Cc1  2018-01-16T11:00:00.000000000Z  347.75  347.75  347.50  347.50
110       Cc1  2018-01-16T12:00:00.000000000Z  347.75  348.50  347.50  348.25
111       Cc1  2018-01-16T13:00:00.000000000Z  348.25  348.50  348.00  348.25
112       Cc1  2018-01-16T14:00:00.000000000Z  348.00  348.75  346.25  346.50
113       Cc1  2018-01-16T15:00:00.000000000Z  346.50  347.00  346.25  346.75
114       Cc1  2018-01-16T16:00:00.000000000Z  346.75  346.75  346.00  346.25
115       Cc1  2018-01-16T17:00:00.000000000Z  346.25  347.00  346.00  346.75
116       Cc1  2018-01-16T18:00:00.000000000Z  346.50  347.50  346.50  347.25
117       Cc1  2018-01-16T19:00:00.000000000Z  347.25  349.00  347.25  348.50
2018-01-12T07:00:00.000Z
2018-01-17T06:59:59.000Z
***Time Period From 2018-01-12T07:00:00.000Z To 2018-01-17T06:59:59.000Z
***Expected Fields ==> "Open","High","Low","Last"
_LJISt_hW-k8Cozw-fGqE-ludOF8tHOSMPkNB01OVV40BQ88uVFmaGSoWq_i0tglZsdPGQ_A1zW_ndgCAMmJGOUNoOaYrVhDY-KHBbTJtEhWidvyI7yKpaFBx8RB57Hkksf-mzbmwz1CfiT7s6YAkZRyrH5guoT32fot-0Jjt2BWcjj3p2Ux3QvYV0wvb4DJSfT-BIxUaHMSWkhBS-elBbYuV_60yIerJLCDUiqkBkhETUJmljHNgQHkhTdeyjdtqli-6iGr7DunoibN2jL4NDdzpozJCyBdICMwGAGwobLI
***** DEBUG FIELD NAME = ['Open', 'High', 'Low', 'Last']
/RestApi/v1/Extractions/ExtractRawResult(ExtractionId='0x060772a2afeb2f96')
..... Waiting for data ready on TickHist Service.
0x060772a2afeb2f96
    assetCode                 windowTimestamp    Open    High     Low    Last
3         Cc1  2018-01-12T01:00:00.000000000Z  348.75  349.00  348.00  348.75
4         Cc1  2018-01-12T02:00:00.000000000Z  348.75  348.75  348.50  348.75
5         Cc1  2018-01-12T03:00:00.000000000Z  348.75  348.75  348.50  348.75
6         Cc1  2018-01-12T04:00:00.000000000Z  348.50  349.00  348.50  348.75
7         Cc1  2018-01-12T05:00:00.000000000Z  348.75  348.75  348.50  348.75
8         Cc1  2018-01-12T06:00:00.000000000Z  348.75  348.75  348.50  348.75
9         Cc1  2018-01-12T07:00:00.000000000Z  348.75  349.25  348.50  349.25
10        Cc1  2018-01-12T08:00:00.000000000Z  349.25  349.50  349.00  349.25
11        Cc1  2018-01-12T09:00:00.000000000Z  349.00  349.50  348.75  349.50
12        Cc1  2018-01-12T10:00:00.000000000Z  349.50  349.75  349.25  349.50
13        Cc1  2018-01-12T11:00:00.000000000Z  349.50  349.50  349.25  349.25
14        Cc1  2018-01-12T12:00:00.000000000Z  349.50  349.50  349.25  349.25
15        Cc1  2018-01-12T13:00:00.000000000Z  349.25  349.75  349.25  349.25
16        Cc1  2018-01-12T14:00:00.000000000Z  349.25  349.75  348.75  349.25
17        Cc1  2018-01-12T15:00:00.000000000Z  349.25  349.75  348.75  349.00
18        Cc1  2018-01-12T16:00:00.000000000Z  349.00  349.50  348.25  349.00
19        Cc1  2018-01-12T17:00:00.000000000Z  349.00  350.00  346.00  346.50
20        Cc1  2018-01-12T18:00:00.000000000Z  346.50  346.50  345.50  346.25
21        Cc1  2018-01-12T19:00:00.000000000Z  346.25  347.50  345.75  347.25
99        Cc1  2018-01-16T01:00:00.000000000Z  347.25  349.25  347.00  348.50
100       Cc1  2018-01-16T02:00:00.000000000Z  348.25  348.75  348.00  348.00
101       Cc1  2018-01-16T03:00:00.000000000Z  348.00  348.25  347.75  347.75
102       Cc1  2018-01-16T04:00:00.000000000Z  347.75  348.00  347.50  347.75
103       Cc1  2018-01-16T05:00:00.000000000Z  347.50  348.00  347.50  347.75
104       Cc1  2018-01-16T06:00:00.000000000Z  347.75  348.00  347.75  348.00
105       Cc1  2018-01-16T07:00:00.000000000Z  348.00  348.00  347.75  347.75
106       Cc1  2018-01-16T08:00:00.000000000Z  348.00  348.00  347.50  347.75
107       Cc1  2018-01-16T09:00:00.000000000Z  347.50  347.75  347.25  347.75
108       Cc1  2018-01-16T10:00:00.000000000Z  347.75  347.75  347.50  347.75
109       Cc1  2018-01-16T11:00:00.000000000Z  347.75  347.75  347.50  347.50
110       Cc1  2018-01-16T12:00:00.000000000Z  347.75  348.50  347.50  348.25
111       Cc1  2018-01-16T13:00:00.000000000Z  348.25  348.50  348.00  348.25
112       Cc1  2018-01-16T14:00:00.000000000Z  348.00  348.75  346.25  346.50
113       Cc1  2018-01-16T15:00:00.000000000Z  346.50  347.00  346.25  346.75
114       Cc1  2018-01-16T16:00:00.000000000Z  346.75  346.75  346.00  346.25
115       Cc1  2018-01-16T17:00:00.000000000Z  346.25  347.00  346.00  346.75
116       Cc1  2018-01-16T18:00:00.000000000Z  346.50  347.50  346.50  347.25
117       Cc1  2018-01-16T19:00:00.000000000Z  347.25  349.00  347.25  348.50
2018-01-12T07:00:00.000Z
2018-01-17T06:59:59.000Z
***Time Period From 2018-01-12T07:00:00.000Z To 2018-01-17T06:59:59.000Z
***Expected Fields ==> "Open","High","Low","Last"
_9V4Xh0ex3fXsaNj0067lAs-nfCKl6LeCve1Vbp-fBeTk0kGwRLJnR0NFMf-qVMjHZ_1CEVAnt24oxz4haXB6qj8rkBAX4IZpUFWS6fBTX3FbN0PlZY972JNrYJktYXxNTHuR9auHY0cHK0Pb0ZzELf2fc8RiIkWwijtL3fwxdJfQ6TPzKCEG4iYKDSo_NcK_U6vgYTzErEcSgqO-AuoLMkufJ0EY6BHghABL3B1Ih7lTm0F4mGU-rdCLzIZiPX6ppl8KFIiy_uDoDMa7qOw2sKcW0FIR7wsuVFnUDWVi8vo
***** DEBUG FIELD NAME = ['Open', 'High', 'Low', 'Last']
/RestApi/v1/Extractions/ExtractRawResult(ExtractionId='0x0607730d85db2f86')
..... Waiting for data ready on TickHist Service.
0x0607730d85db2f86
    assetCode                 windowTimestamp    Open    High     Low    Last
3         Cc1  2018-01-12T01:00:00.000000000Z  348.75  349.00  348.00  348.75
4         Cc1  2018-01-12T02:00:00.000000000Z  348.75  348.75  348.50  348.75
5         Cc1  2018-01-12T03:00:00.000000000Z  348.75  348.75  348.50  348.75
6         Cc1  2018-01-12T04:00:00.000000000Z  348.50  349.00  348.50  348.75
7         Cc1  2018-01-12T05:00:00.000000000Z  348.75  348.75  348.50  348.75
8         Cc1  2018-01-12T06:00:00.000000000Z  348.75  348.75  348.50  348.75
9         Cc1  2018-01-12T07:00:00.000000000Z  348.75  349.25  348.50  349.25
10        Cc1  2018-01-12T08:00:00.000000000Z  349.25  349.50  349.00  349.25
11        Cc1  2018-01-12T09:00:00.000000000Z  349.00  349.50  348.75  349.50
12        Cc1  2018-01-12T10:00:00.000000000Z  349.50  349.75  349.25  349.50
13        Cc1  2018-01-12T11:00:00.000000000Z  349.50  349.50  349.25  349.25
14        Cc1  2018-01-12T12:00:00.000000000Z  349.50  349.50  349.25  349.25
15        Cc1  2018-01-12T13:00:00.000000000Z  349.25  349.75  349.25  349.25
16        Cc1  2018-01-12T14:00:00.000000000Z  349.25  349.75  348.75  349.25
17        Cc1  2018-01-12T15:00:00.000000000Z  349.25  349.75  348.75  349.00
18        Cc1  2018-01-12T16:00:00.000000000Z  349.00  349.50  348.25  349.00
19        Cc1  2018-01-12T17:00:00.000000000Z  349.00  350.00  346.00  346.50
20        Cc1  2018-01-12T18:00:00.000000000Z  346.50  346.50  345.50  346.25
21        Cc1  2018-01-12T19:00:00.000000000Z  346.25  347.50  345.75  347.25
99        Cc1  2018-01-16T01:00:00.000000000Z  347.25  349.25  347.00  348.50
100       Cc1  2018-01-16T02:00:00.000000000Z  348.25  348.75  348.00  348.00
101       Cc1  2018-01-16T03:00:00.000000000Z  348.00  348.25  347.75  347.75
102       Cc1  2018-01-16T04:00:00.000000000Z  347.75  348.00  347.50  347.75
103       Cc1  2018-01-16T05:00:00.000000000Z  347.50  348.00  347.50  347.75
104       Cc1  2018-01-16T06:00:00.000000000Z  347.75  348.00  347.75  348.00
105       Cc1  2018-01-16T07:00:00.000000000Z  348.00  348.00  347.75  347.75
106       Cc1  2018-01-16T08:00:00.000000000Z  348.00  348.00  347.50  347.75
107       Cc1  2018-01-16T09:00:00.000000000Z  347.50  347.75  347.25  347.75
108       Cc1  2018-01-16T10:00:00.000000000Z  347.75  347.75  347.50  347.75
109       Cc1  2018-01-16T11:00:00.000000000Z  347.75  347.75  347.50  347.50
110       Cc1  2018-01-16T12:00:00.000000000Z  347.75  348.50  347.50  348.25
111       Cc1  2018-01-16T13:00:00.000000000Z  348.25  348.50  348.00  348.25
112       Cc1  2018-01-16T14:00:00.000000000Z  348.00  348.75  346.25  346.50
113       Cc1  2018-01-16T15:00:00.000000000Z  346.50  347.00  346.25  346.75
114       Cc1  2018-01-16T16:00:00.000000000Z  346.75  346.75  346.00  346.25
115       Cc1  2018-01-16T17:00:00.000000000Z  346.25  347.00  346.00  346.75
116       Cc1  2018-01-16T18:00:00.000000000Z  346.50  347.50  346.50  347.25
117       Cc1  2018-01-16T19:00:00.000000000Z  347.25  349.00  347.25  348.50
2018-01-12T08:00:00.000Z
2018-01-17T07:59:59.000Z
***Time Period From 2018-01-12T08:00:00.000Z To 2018-01-17T07:59:59.000Z
***Expected Fields ==> "Open","High","Low","Last"
_GD0Kxi9sVW3t4l0-eRP6LP9u-F-gIndjy1QrRfGwaWTmTwx24lwf6KhSUNlwvEJOxTCK04M9aSTlCTJ268WMSthTVzKzihSpbVTSXB2UKrTFBEkorPDEm_sCDEgL6q8FOkPPxf-DKsVPGOECN-xr7xANbk9P4DZ4KSjdVsm7QwtFLlmpLSDZQR1Wa0Zjf13xMzkBtI10AIi6QI1yfGw-I_Y4-YPCGNnln5BGupYJul6zbST1KCOObcESVBp80SmIOWmEk8tme16AjfIawhRUzRfRgXxiWW_ZEr4U9PnsMXU
***** DEBUG FIELD NAME = ['Open', 'High', 'Low', 'Last']
/RestApi/v1/Extractions/ExtractRawResult(ExtractionId='0x0607737839ab3016')
..... Waiting for data ready on TickHist Service.
0x0607737839ab3016
    assetCode                 windowTimestamp    Open    High     Low    Last
2         Cc1  2018-01-12T01:00:00.000000000Z  348.75  349.00  348.00  348.75
3         Cc1  2018-01-12T02:00:00.000000000Z  348.75  348.75  348.50  348.75
4         Cc1  2018-01-12T03:00:00.000000000Z  348.75  348.75  348.50  348.75
5         Cc1  2018-01-12T04:00:00.000000000Z  348.50  349.00  348.50  348.75
6         Cc1  2018-01-12T05:00:00.000000000Z  348.75  348.75  348.50  348.75
7         Cc1  2018-01-12T06:00:00.000000000Z  348.75  348.75  348.50  348.75
8         Cc1  2018-01-12T07:00:00.000000000Z  348.75  349.25  348.50  349.25
9         Cc1  2018-01-12T08:00:00.000000000Z  349.25  349.50  349.00  349.25
10        Cc1  2018-01-12T09:00:00.000000000Z  349.00  349.50  348.75  349.50
11        Cc1  2018-01-12T10:00:00.000000000Z  349.50  349.75  349.25  349.50
12        Cc1  2018-01-12T11:00:00.000000000Z  349.50  349.50  349.25  349.25
13        Cc1  2018-01-12T12:00:00.000000000Z  349.50  349.50  349.25  349.25
14        Cc1  2018-01-12T13:00:00.000000000Z  349.25  349.75  349.25  349.25
15        Cc1  2018-01-12T14:00:00.000000000Z  349.25  349.75  348.75  349.25
16        Cc1  2018-01-12T15:00:00.000000000Z  349.25  349.75  348.75  349.00
17        Cc1  2018-01-12T16:00:00.000000000Z  349.00  349.50  348.25  349.00
18        Cc1  2018-01-12T17:00:00.000000000Z  349.00  350.00  346.00  346.50
19        Cc1  2018-01-12T18:00:00.000000000Z  346.50  346.50  345.50  346.25
20        Cc1  2018-01-12T19:00:00.000000000Z  346.25  347.50  345.75  347.25
98        Cc1  2018-01-16T01:00:00.000000000Z  347.25  349.25  347.00  348.50
99        Cc1  2018-01-16T02:00:00.000000000Z  348.25  348.75  348.00  348.00
100       Cc1  2018-01-16T03:00:00.000000000Z  348.00  348.25  347.75  347.75
101       Cc1  2018-01-16T04:00:00.000000000Z  347.75  348.00  347.50  347.75
102       Cc1  2018-01-16T05:00:00.000000000Z  347.50  348.00  347.50  347.75
103       Cc1  2018-01-16T06:00:00.000000000Z  347.75  348.00  347.75  348.00
104       Cc1  2018-01-16T07:00:00.000000000Z  348.00  348.00  347.75  347.75
105       Cc1  2018-01-16T08:00:00.000000000Z  348.00  348.00  347.50  347.75
106       Cc1  2018-01-16T09:00:00.000000000Z  347.50  347.75  347.25  347.75
107       Cc1  2018-01-16T10:00:00.000000000Z  347.75  347.75  347.50  347.75
108       Cc1  2018-01-16T11:00:00.000000000Z  347.75  347.75  347.50  347.50
109       Cc1  2018-01-16T12:00:00.000000000Z  347.75  348.50  347.50  348.25
110       Cc1  2018-01-16T13:00:00.000000000Z  348.25  348.50  348.00  348.25
111       Cc1  2018-01-16T14:00:00.000000000Z  348.00  348.75  346.25  346.50
112       Cc1  2018-01-16T15:00:00.000000000Z  346.50  347.00  346.25  346.75
113       Cc1  2018-01-16T16:00:00.000000000Z  346.75  346.75  346.00  346.25
114       Cc1  2018-01-16T17:00:00.000000000Z  346.25  347.00  346.00  346.75
115       Cc1  2018-01-16T18:00:00.000000000Z  346.50  347.50  346.50  347.25
116       Cc1  2018-01-16T19:00:00.000000000Z  347.25  349.00  347.25  348.50
2018-01-12T08:00:00.000Z
2018-01-17T07:59:59.000Z
***Time Period From 2018-01-12T08:00:00.000Z To 2018-01-17T07:59:59.000Z
***Expected Fields ==> "Open","High","Low","Last"
__T1AjXwRZo26jyARBQU5qhSACnYF-pOiH5d74eTRKceTgB17bdq661CrHnLvohvW2Z6E24uwo1i3-r2pphWWbTqMF5jKYAINEMi8b1PSTyWg8yNvsERQZPvb9H729Fuq-4IwDxbRTphaz8_MWSAItrEZJIacbkdlo3cdxxzHbwgz05W7ncr0sbrySu54KK68Lp_hgJ_H2BYRrPYu873mIhp_ZKx-Nzb_5OqRjCTiY_wOOAi-I7iBmd39Jd2ltjC9KxtenqW6DPQaYo2qoq0m4z-pjsCCCBN6JdKW5kXDhYg
***** DEBUG FIELD NAME = ['Open', 'High', 'Low', 'Last']
/RestApi/v1/Extractions/ExtractRawResult(ExtractionId='0x060773df8c9b3036')
..... Waiting for data ready on TickHist Service.
0x060773df8c9b3036
    assetCode                 windowTimestamp    Open    High     Low    Last
2         Cc1  2018-01-12T01:00:00.000000000Z  348.75  349.00  348.00  348.75
3         Cc1  2018-01-12T02:00:00.000000000Z  348.75  348.75  348.50  348.75
4         Cc1  2018-01-12T03:00:00.000000000Z  348.75  348.75  348.50  348.75
5         Cc1  2018-01-12T04:00:00.000000000Z  348.50  349.00  348.50  348.75
6         Cc1  2018-01-12T05:00:00.000000000Z  348.75  348.75  348.50  348.75
7         Cc1  2018-01-12T06:00:00.000000000Z  348.75  348.75  348.50  348.75
8         Cc1  2018-01-12T07:00:00.000000000Z  348.75  349.25  348.50  349.25
9         Cc1  2018-01-12T08:00:00.000000000Z  349.25  349.50  349.00  349.25
10        Cc1  2018-01-12T09:00:00.000000000Z  349.00  349.50  348.75  349.50
11        Cc1  2018-01-12T10:00:00.000000000Z  349.50  349.75  349.25  349.50
12        Cc1  2018-01-12T11:00:00.000000000Z  349.50  349.50  349.25  349.25
13        Cc1  2018-01-12T12:00:00.000000000Z  349.50  349.50  349.25  349.25
14        Cc1  2018-01-12T13:00:00.000000000Z  349.25  349.75  349.25  349.25
15        Cc1  2018-01-12T14:00:00.000000000Z  349.25  349.75  348.75  349.25
16        Cc1  2018-01-12T15:00:00.000000000Z  349.25  349.75  348.75  349.00
17        Cc1  2018-01-12T16:00:00.000000000Z  349.00  349.50  348.25  349.00
18        Cc1  2018-01-12T17:00:00.000000000Z  349.00  350.00  346.00  346.50
19        Cc1  2018-01-12T18:00:00.000000000Z  346.50  346.50  345.50  346.25
20        Cc1  2018-01-12T19:00:00.000000000Z  346.25  347.50  345.75  347.25
98        Cc1  2018-01-16T01:00:00.000000000Z  347.25  349.25  347.00  348.50
99        Cc1  2018-01-16T02:00:00.000000000Z  348.25  348.75  348.00  348.00
100       Cc1  2018-01-16T03:00:00.000000000Z  348.00  348.25  347.75  347.75
101       Cc1  2018-01-16T04:00:00.000000000Z  347.75  348.00  347.50  347.75
102       Cc1  2018-01-16T05:00:00.000000000Z  347.50  348.00  347.50  347.75
103       Cc1  2018-01-16T06:00:00.000000000Z  347.75  348.00  347.75  348.00
104       Cc1  2018-01-16T07:00:00.000000000Z  348.00  348.00  347.75  347.75
105       Cc1  2018-01-16T08:00:00.000000000Z  348.00  348.00  347.50  347.75
106       Cc1  2018-01-16T09:00:00.000000000Z  347.50  347.75  347.25  347.75
107       Cc1  2018-01-16T10:00:00.000000000Z  347.75  347.75  347.50  347.75
108       Cc1  2018-01-16T11:00:00.000000000Z  347.75  347.75  347.50  347.50
109       Cc1  2018-01-16T12:00:00.000000000Z  347.75  348.50  347.50  348.25
110       Cc1  2018-01-16T13:00:00.000000000Z  348.25  348.50  348.00  348.25
111       Cc1  2018-01-16T14:00:00.000000000Z  348.00  348.75  346.25  346.50
112       Cc1  2018-01-16T15:00:00.000000000Z  346.50  347.00  346.25  346.75
113       Cc1  2018-01-16T16:00:00.000000000Z  346.75  346.75  346.00  346.25
114       Cc1  2018-01-16T17:00:00.000000000Z  346.25  347.00  346.00  346.75
115       Cc1  2018-01-16T18:00:00.000000000Z  346.50  347.50  346.50  347.25
116       Cc1  2018-01-16T19:00:00.000000000Z  347.25  349.00  347.25  348.50
2018-01-12T08:00:00.000Z
2018-01-17T07:59:59.000Z
***Time Period From 2018-01-12T08:00:00.000Z To 2018-01-17T07:59:59.000Z
***Expected Fields ==> "Open","High","Low","Last"
_Xzdno-hmnQZVlEw6bcGCXpCHrSDKr1WB8Bvm7sETbDmOjU1HpJ8TKH6sHYhb9U9z9nZkjBLOXOforYRP4W0-f34hG5dnYUvo6Zq89w0MBjP6p39obmctAG8k9B6tmbHLcdlbTo-FRTesIvgBxUb6nxU_byH9bjmu1n0YUkwyClewFTThIxAYTzXhsq76Qbz9xZ6UJwy9LY9xjvsdi1DF3ESEXPe8FNC1X_ijSnmEam12yBB0_RosfVv4cG9hOBl8aXMEjuyqHY_lRMoYRNsDwNyfZP8DRpu-K5oMSGnPtWo
***** DEBUG FIELD NAME = ['Open', 'High', 'Low', 'Last']
/RestApi/v1/Extractions/ExtractRawResult(ExtractionId='0x0607744d3e6b2f96')
..... Waiting for data ready on TickHist Service.
..... Waiting for data ready on TickHist Service.
0x0607744d3e6b2f96
    assetCode                 windowTimestamp    Open    High     Low    Last
2         Cc1  2018-01-12T01:00:00.000000000Z  348.75  349.00  348.00  348.75
3         Cc1  2018-01-12T02:00:00.000000000Z  348.75  348.75  348.50  348.75
4         Cc1  2018-01-12T03:00:00.000000000Z  348.75  348.75  348.50  348.75
5         Cc1  2018-01-12T04:00:00.000000000Z  348.50  349.00  348.50  348.75
6         Cc1  2018-01-12T05:00:00.000000000Z  348.75  348.75  348.50  348.75
7         Cc1  2018-01-12T06:00:00.000000000Z  348.75  348.75  348.50  348.75
8         Cc1  2018-01-12T07:00:00.000000000Z  348.75  349.25  348.50  349.25
9         Cc1  2018-01-12T08:00:00.000000000Z  349.25  349.50  349.00  349.25
10        Cc1  2018-01-12T09:00:00.000000000Z  349.00  349.50  348.75  349.50
11        Cc1  2018-01-12T10:00:00.000000000Z  349.50  349.75  349.25  349.50
12        Cc1  2018-01-12T11:00:00.000000000Z  349.50  349.50  349.25  349.25
13        Cc1  2018-01-12T12:00:00.000000000Z  349.50  349.50  349.25  349.25
14        Cc1  2018-01-12T13:00:00.000000000Z  349.25  349.75  349.25  349.25
15        Cc1  2018-01-12T14:00:00.000000000Z  349.25  349.75  348.75  349.25
16        Cc1  2018-01-12T15:00:00.000000000Z  349.25  349.75  348.75  349.00
17        Cc1  2018-01-12T16:00:00.000000000Z  349.00  349.50  348.25  349.00
18        Cc1  2018-01-12T17:00:00.000000000Z  349.00  350.00  346.00  346.50
19        Cc1  2018-01-12T18:00:00.000000000Z  346.50  346.50  345.50  346.25
20        Cc1  2018-01-12T19:00:00.000000000Z  346.25  347.50  345.75  347.25
98        Cc1  2018-01-16T01:00:00.000000000Z  347.25  349.25  347.00  348.50
99        Cc1  2018-01-16T02:00:00.000000000Z  348.25  348.75  348.00  348.00
100       Cc1  2018-01-16T03:00:00.000000000Z  348.00  348.25  347.75  347.75
101       Cc1  2018-01-16T04:00:00.000000000Z  347.75  348.00  347.50  347.75
102       Cc1  2018-01-16T05:00:00.000000000Z  347.50  348.00  347.50  347.75
103       Cc1  2018-01-16T06:00:00.000000000Z  347.75  348.00  347.75  348.00
104       Cc1  2018-01-16T07:00:00.000000000Z  348.00  348.00  347.75  347.75
105       Cc1  2018-01-16T08:00:00.000000000Z  348.00  348.00  347.50  347.75
106       Cc1  2018-01-16T09:00:00.000000000Z  347.50  347.75  347.25  347.75
107       Cc1  2018-01-16T10:00:00.000000000Z  347.75  347.75  347.50  347.75
108       Cc1  2018-01-16T11:00:00.000000000Z  347.75  347.75  347.50  347.50
109       Cc1  2018-01-16T12:00:00.000000000Z  347.75  348.50  347.50  348.25
110       Cc1  2018-01-16T13:00:00.000000000Z  348.25  348.50  348.00  348.25
111       Cc1  2018-01-16T14:00:00.000000000Z  348.00  348.75  346.25  346.50
112       Cc1  2018-01-16T15:00:00.000000000Z  346.50  347.00  346.25  346.75
113       Cc1  2018-01-16T16:00:00.000000000Z  346.75  346.75  346.00  346.25
114       Cc1  2018-01-16T17:00:00.000000000Z  346.25  347.00  346.00  346.75
115       Cc1  2018-01-16T18:00:00.000000000Z  346.50  347.50  346.50  347.25
116       Cc1  2018-01-16T19:00:00.000000000Z  347.25  349.00  347.25  348.50
2018-01-12T08:00:00.000Z
2018-01-17T07:59:59.000Z
***Time Period From 2018-01-12T08:00:00.000Z To 2018-01-17T07:59:59.000Z
***Expected Fields ==> "Open","High","Low","Last"
_I5cgplfoFoTN6cqfpjQTfhO67t6bAFTwFny4IX34apAI3-VJ4tnnBP9HkIo-ZBSuulmx2ussOXWXQ0VQN7E7v05vIL2TVVnQP_HLtbO4B2kUQ0JnGxaD2qpJomFvBV3Q_WWWL6IY16xKnauhGGelBC0BU-ZybeZfRE4SMxbgHPsUm1CmPLaRipEoWzpFy77mG-BY8-XLfyr-Riu8HLIXwoGmybCiG_mvDslkc5rJzHQtBzjSc1ce9AsryjZohiiaZIWvvdO0dOxPEKfQDxMsiiBR3iGnJaX8ajhQYhVrWcA
***** DEBUG FIELD NAME = ['Open', 'High', 'Low', 'Last']
/RestApi/v1/Extractions/ExtractRawResult(ExtractionId='0x060774cfcccb3036')
..... Waiting for data ready on TickHist Service.
..... Waiting for data ready on TickHist Service.
0x060774cfcccb3036
    assetCode                 windowTimestamp    Open    High     Low    Last
2         Cc1  2018-01-12T01:00:00.000000000Z  348.75  349.00  348.00  348.75
3         Cc1  2018-01-12T02:00:00.000000000Z  348.75  348.75  348.50  348.75
4         Cc1  2018-01-12T03:00:00.000000000Z  348.75  348.75  348.50  348.75
5         Cc1  2018-01-12T04:00:00.000000000Z  348.50  349.00  348.50  348.75
6         Cc1  2018-01-12T05:00:00.000000000Z  348.75  348.75  348.50  348.75
7         Cc1  2018-01-12T06:00:00.000000000Z  348.75  348.75  348.50  348.75
8         Cc1  2018-01-12T07:00:00.000000000Z  348.75  349.25  348.50  349.25
9         Cc1  2018-01-12T08:00:00.000000000Z  349.25  349.50  349.00  349.25
10        Cc1  2018-01-12T09:00:00.000000000Z  349.00  349.50  348.75  349.50
11        Cc1  2018-01-12T10:00:00.000000000Z  349.50  349.75  349.25  349.50
12        Cc1  2018-01-12T11:00:00.000000000Z  349.50  349.50  349.25  349.25
13        Cc1  2018-01-12T12:00:00.000000000Z  349.50  349.50  349.25  349.25
14        Cc1  2018-01-12T13:00:00.000000000Z  349.25  349.75  349.25  349.25
15        Cc1  2018-01-12T14:00:00.000000000Z  349.25  349.75  348.75  349.25
16        Cc1  2018-01-12T15:00:00.000000000Z  349.25  349.75  348.75  349.00
17        Cc1  2018-01-12T16:00:00.000000000Z  349.00  349.50  348.25  349.00
18        Cc1  2018-01-12T17:00:00.000000000Z  349.00  350.00  346.00  346.50
19        Cc1  2018-01-12T18:00:00.000000000Z  346.50  346.50  345.50  346.25
20        Cc1  2018-01-12T19:00:00.000000000Z  346.25  347.50  345.75  347.25
98        Cc1  2018-01-16T01:00:00.000000000Z  347.25  349.25  347.00  348.50
99        Cc1  2018-01-16T02:00:00.000000000Z  348.25  348.75  348.00  348.00
100       Cc1  2018-01-16T03:00:00.000000000Z  348.00  348.25  347.75  347.75
101       Cc1  2018-01-16T04:00:00.000000000Z  347.75  348.00  347.50  347.75
102       Cc1  2018-01-16T05:00:00.000000000Z  347.50  348.00  347.50  347.75
103       Cc1  2018-01-16T06:00:00.000000000Z  347.75  348.00  347.75  348.00
104       Cc1  2018-01-16T07:00:00.000000000Z  348.00  348.00  347.75  347.75
105       Cc1  2018-01-16T08:00:00.000000000Z  348.00  348.00  347.50  347.75
106       Cc1  2018-01-16T09:00:00.000000000Z  347.50  347.75  347.25  347.75
107       Cc1  2018-01-16T10:00:00.000000000Z  347.75  347.75  347.50  347.75
108       Cc1  2018-01-16T11:00:00.000000000Z  347.75  347.75  347.50  347.50
109       Cc1  2018-01-16T12:00:00.000000000Z  347.75  348.50  347.50  348.25
110       Cc1  2018-01-16T13:00:00.000000000Z  348.25  348.50  348.00  348.25
111       Cc1  2018-01-16T14:00:00.000000000Z  348.00  348.75  346.25  346.50
112       Cc1  2018-01-16T15:00:00.000000000Z  346.50  347.00  346.25  346.75
113       Cc1  2018-01-16T16:00:00.000000000Z  346.75  346.75  346.00  346.25
114       Cc1  2018-01-16T17:00:00.000000000Z  346.25  347.00  346.00  346.75
115       Cc1  2018-01-16T18:00:00.000000000Z  346.50  347.50  346.50  347.25
116       Cc1  2018-01-16T19:00:00.000000000Z  347.25  349.00  347.25  348.50
2018-01-12T08:00:00.000Z
2018-01-17T07:59:59.000Z
***Time Period From 2018-01-12T08:00:00.000Z To 2018-01-17T07:59:59.000Z
***Expected Fields ==> "Open","High","Low","Last"
_WFy_Z6edyYO5ibZluAnk65VQPQDF0vXjVxQbYho_ZKePu4_SkJOvRP6srZpPdOtjbwDYFX6mfOhlWLDCRooPl-_Il6nFEI-G3YblGnjpE6BiN390uoOcTQ6il_sR6hqPAYD-IQ3KFkqwdGGl1CtW5RyXPUJ5Q9uXi0ln0CaPTnqmA781YzzYzg-xiT6oxNvN2TPy_N3vqiRQTv2pWOlgBZpUfGxqAgwHvHYKhOE0WO2odVqIkv2I3akPmbi9yBY5xtOt9z0WDJjF1AxOfTtX0A33fPhFAMD47dTlCpZubJg
***** DEBUG FIELD NAME = ['Open', 'High', 'Low', 'Last']
/RestApi/v1/Extractions/ExtractRawResult(ExtractionId='0x06077552c9cb2f86')
..... Waiting for data ready on TickHist Service.
..... Waiting for data ready on TickHist Service.
0x06077552c9cb2f86
    assetCode                 windowTimestamp    Open    High     Low    Last
2         Cc1  2018-01-12T01:00:00.000000000Z  348.75  349.00  348.00  348.75
3         Cc1  2018-01-12T02:00:00.000000000Z  348.75  348.75  348.50  348.75
4         Cc1  2018-01-12T03:00:00.000000000Z  348.75  348.75  348.50  348.75
5         Cc1  2018-01-12T04:00:00.000000000Z  348.50  349.00  348.50  348.75
6         Cc1  2018-01-12T05:00:00.000000000Z  348.75  348.75  348.50  348.75
7         Cc1  2018-01-12T06:00:00.000000000Z  348.75  348.75  348.50  348.75
8         Cc1  2018-01-12T07:00:00.000000000Z  348.75  349.25  348.50  349.25
9         Cc1  2018-01-12T08:00:00.000000000Z  349.25  349.50  349.00  349.25
10        Cc1  2018-01-12T09:00:00.000000000Z  349.00  349.50  348.75  349.50
11        Cc1  2018-01-12T10:00:00.000000000Z  349.50  349.75  349.25  349.50
12        Cc1  2018-01-12T11:00:00.000000000Z  349.50  349.50  349.25  349.25
13        Cc1  2018-01-12T12:00:00.000000000Z  349.50  349.50  349.25  349.25
14        Cc1  2018-01-12T13:00:00.000000000Z  349.25  349.75  349.25  349.25
15        Cc1  2018-01-12T14:00:00.000000000Z  349.25  349.75  348.75  349.25
16        Cc1  2018-01-12T15:00:00.000000000Z  349.25  349.75  348.75  349.00
17        Cc1  2018-01-12T16:00:00.000000000Z  349.00  349.50  348.25  349.00
18        Cc1  2018-01-12T17:00:00.000000000Z  349.00  350.00  346.00  346.50
19        Cc1  2018-01-12T18:00:00.000000000Z  346.50  346.50  345.50  346.25
20        Cc1  2018-01-12T19:00:00.000000000Z  346.25  347.50  345.75  347.25
98        Cc1  2018-01-16T01:00:00.000000000Z  347.25  349.25  347.00  348.50
99        Cc1  2018-01-16T02:00:00.000000000Z  348.25  348.75  348.00  348.00
100       Cc1  2018-01-16T03:00:00.000000000Z  348.00  348.25  347.75  347.75
101       Cc1  2018-01-16T04:00:00.000000000Z  347.75  348.00  347.50  347.75
102       Cc1  2018-01-16T05:00:00.000000000Z  347.50  348.00  347.50  347.75
103       Cc1  2018-01-16T06:00:00.000000000Z  347.75  348.00  347.75  348.00
104       Cc1  2018-01-16T07:00:00.000000000Z  348.00  348.00  347.75  347.75
105       Cc1  2018-01-16T08:00:00.000000000Z  348.00  348.00  347.50  347.75
106       Cc1  2018-01-16T09:00:00.000000000Z  347.50  347.75  347.25  347.75
107       Cc1  2018-01-16T10:00:00.000000000Z  347.75  347.75  347.50  347.75
108       Cc1  2018-01-16T11:00:00.000000000Z  347.75  347.75  347.50  347.50
109       Cc1  2018-01-16T12:00:00.000000000Z  347.75  348.50  347.50  348.25
110       Cc1  2018-01-16T13:00:00.000000000Z  348.25  348.50  348.00  348.25
111       Cc1  2018-01-16T14:00:00.000000000Z  348.00  348.75  346.25  346.50
112       Cc1  2018-01-16T15:00:00.000000000Z  346.50  347.00  346.25  346.75
113       Cc1  2018-01-16T16:00:00.000000000Z  346.75  346.75  346.00  346.25
114       Cc1  2018-01-16T17:00:00.000000000Z  346.25  347.00  346.00  346.75
115       Cc1  2018-01-16T18:00:00.000000000Z  346.50  347.50  346.50  347.25
116       Cc1  2018-01-16T19:00:00.000000000Z  347.25  349.00  347.25  348.50
2018-01-12T08:00:00.000Z
2018-01-17T07:59:59.000Z
***Time Period From 2018-01-12T08:00:00.000Z To 2018-01-17T07:59:59.000Z
***Expected Fields ==> "Open","High","Low","Last"
_mOw1rejMcMfgkt4Abl2mpSojyU2ucUXO-fLJwnoGY3O5OSWu546H7FpNQvHD5DPW9Xz1mq8TVTsQ129hvp4-6JU5QvIXWgRg8JMe8maZW7KieLkHmVcTSq8iL5NBQwNdMT3c38YFqt4gilkqkkdF8Qfjm-kJwXgqLg1EQwK5n860rtMfsENhMDCxAoW69AUs7ZntAWu5WwQJGPViaK-91qnlVfHjHWf32eqj8eI1BTwNp6ZzNl3ymfKmg1hjYQhMS5Hu9lvqEnvt79nPScdZU8JeXa6uFx66N9b8bANy8lg
***** DEBUG FIELD NAME = ['Open', 'High', 'Low', 'Last']
/RestApi/v1/Extractions/ExtractRawResult(ExtractionId='0x060775d0360b3026')
..... Waiting for data ready on TickHist Service.
0x060775d0360b3026
    assetCode                 windowTimestamp    Open    High     Low    Last
2         Cc1  2018-01-12T01:00:00.000000000Z  348.75  349.00  348.00  348.75
3         Cc1  2018-01-12T02:00:00.000000000Z  348.75  348.75  348.50  348.75
4         Cc1  2018-01-12T03:00:00.000000000Z  348.75  348.75  348.50  348.75
5         Cc1  2018-01-12T04:00:00.000000000Z  348.50  349.00  348.50  348.75
6         Cc1  2018-01-12T05:00:00.000000000Z  348.75  348.75  348.50  348.75
7         Cc1  2018-01-12T06:00:00.000000000Z  348.75  348.75  348.50  348.75
8         Cc1  2018-01-12T07:00:00.000000000Z  348.75  349.25  348.50  349.25
9         Cc1  2018-01-12T08:00:00.000000000Z  349.25  349.50  349.00  349.25
10        Cc1  2018-01-12T09:00:00.000000000Z  349.00  349.50  348.75  349.50
11        Cc1  2018-01-12T10:00:00.000000000Z  349.50  349.75  349.25  349.50
12        Cc1  2018-01-12T11:00:00.000000000Z  349.50  349.50  349.25  349.25
13        Cc1  2018-01-12T12:00:00.000000000Z  349.50  349.50  349.25  349.25
14        Cc1  2018-01-12T13:00:00.000000000Z  349.25  349.75  349.25  349.25
15        Cc1  2018-01-12T14:00:00.000000000Z  349.25  349.75  348.75  349.25
16        Cc1  2018-01-12T15:00:00.000000000Z  349.25  349.75  348.75  349.00
17        Cc1  2018-01-12T16:00:00.000000000Z  349.00  349.50  348.25  349.00
18        Cc1  2018-01-12T17:00:00.000000000Z  349.00  350.00  346.00  346.50
19        Cc1  2018-01-12T18:00:00.000000000Z  346.50  346.50  345.50  346.25
20        Cc1  2018-01-12T19:00:00.000000000Z  346.25  347.50  345.75  347.25
98        Cc1  2018-01-16T01:00:00.000000000Z  347.25  349.25  347.00  348.50
99        Cc1  2018-01-16T02:00:00.000000000Z  348.25  348.75  348.00  348.00
100       Cc1  2018-01-16T03:00:00.000000000Z  348.00  348.25  347.75  347.75
101       Cc1  2018-01-16T04:00:00.000000000Z  347.75  348.00  347.50  347.75
102       Cc1  2018-01-16T05:00:00.000000000Z  347.50  348.00  347.50  347.75
103       Cc1  2018-01-16T06:00:00.000000000Z  347.75  348.00  347.75  348.00
104       Cc1  2018-01-16T07:00:00.000000000Z  348.00  348.00  347.75  347.75
105       Cc1  2018-01-16T08:00:00.000000000Z  348.00  348.00  347.50  347.75
106       Cc1  2018-01-16T09:00:00.000000000Z  347.50  347.75  347.25  347.75
107       Cc1  2018-01-16T10:00:00.000000000Z  347.75  347.75  347.50  347.75
108       Cc1  2018-01-16T11:00:00.000000000Z  347.75  347.75  347.50  347.50
109       Cc1  2018-01-16T12:00:00.000000000Z  347.75  348.50  347.50  348.25
110       Cc1  2018-01-16T13:00:00.000000000Z  348.25  348.50  348.00  348.25
111       Cc1  2018-01-16T14:00:00.000000000Z  348.00  348.75  346.25  346.50
112       Cc1  2018-01-16T15:00:00.000000000Z  346.50  347.00  346.25  346.75
113       Cc1  2018-01-16T16:00:00.000000000Z  346.75  346.75  346.00  346.25
114       Cc1  2018-01-16T17:00:00.000000000Z  346.25  347.00  346.00  346.75
115       Cc1  2018-01-16T18:00:00.000000000Z  346.50  347.50  346.50  347.25
116       Cc1  2018-01-16T19:00:00.000000000Z  347.25  349.00  347.25  348.50
2018-01-12T08:00:00.000Z
2018-01-17T07:59:59.000Z
***Time Period From 2018-01-12T08:00:00.000Z To 2018-01-17T07:59:59.000Z
***Expected Fields ==> "Open","High","Low","Last"
_tnt6CPQ4O7tCtkrrtOfG2EALDESy55bnVri968MUwXPMqi0CvUpnQ_Ox6j76CFwsBRs4QdFnqdxrHkK7puGIaA1uX5DW_gvGhLapRI555Iicvs7fAoMqiXF8qR9I56yQBnds5Mvvaa1-lJNHTFVlObP5JYpLMei7Oe-qOFdjgqLSZd90ylLNTzQXn3FPkgL9ZmTcn_jDoHAju9MBYmrENqOJZ9-PwcWPFTkKf3qHam-f43IsvR4wb69U-3r7hhdY34Clw1bMHpilmLF54i-vOfEnoE7FzAjFZw9rSru1R1g
***** DEBUG FIELD NAME = ['Open', 'High', 'Low', 'Last']
/RestApi/v1/Extractions/ExtractRawResult(ExtractionId='0x0607763af44b2f96')
..... Waiting for data ready on TickHist Service.
0x0607763af44b2f96
    assetCode                 windowTimestamp    Open    High     Low    Last
2         Cc1  2018-01-12T01:00:00.000000000Z  348.75  349.00  348.00  348.75
3         Cc1  2018-01-12T02:00:00.000000000Z  348.75  348.75  348.50  348.75
4         Cc1  2018-01-12T03:00:00.000000000Z  348.75  348.75  348.50  348.75
5         Cc1  2018-01-12T04:00:00.000000000Z  348.50  349.00  348.50  348.75
6         Cc1  2018-01-12T05:00:00.000000000Z  348.75  348.75  348.50  348.75
7         Cc1  2018-01-12T06:00:00.000000000Z  348.75  348.75  348.50  348.75
8         Cc1  2018-01-12T07:00:00.000000000Z  348.75  349.25  348.50  349.25
9         Cc1  2018-01-12T08:00:00.000000000Z  349.25  349.50  349.00  349.25
10        Cc1  2018-01-12T09:00:00.000000000Z  349.00  349.50  348.75  349.50
11        Cc1  2018-01-12T10:00:00.000000000Z  349.50  349.75  349.25  349.50
12        Cc1  2018-01-12T11:00:00.000000000Z  349.50  349.50  349.25  349.25
13        Cc1  2018-01-12T12:00:00.000000000Z  349.50  349.50  349.25  349.25
14        Cc1  2018-01-12T13:00:00.000000000Z  349.25  349.75  349.25  349.25
15        Cc1  2018-01-12T14:00:00.000000000Z  349.25  349.75  348.75  349.25
16        Cc1  2018-01-12T15:00:00.000000000Z  349.25  349.75  348.75  349.00
17        Cc1  2018-01-12T16:00:00.000000000Z  349.00  349.50  348.25  349.00
18        Cc1  2018-01-12T17:00:00.000000000Z  349.00  350.00  346.00  346.50
19        Cc1  2018-01-12T18:00:00.000000000Z  346.50  346.50  345.50  346.25
20        Cc1  2018-01-12T19:00:00.000000000Z  346.25  347.50  345.75  347.25
98        Cc1  2018-01-16T01:00:00.000000000Z  347.25  349.25  347.00  348.50
99        Cc1  2018-01-16T02:00:00.000000000Z  348.25  348.75  348.00  348.00
100       Cc1  2018-01-16T03:00:00.000000000Z  348.00  348.25  347.75  347.75
101       Cc1  2018-01-16T04:00:00.000000000Z  347.75  348.00  347.50  347.75
102       Cc1  2018-01-16T05:00:00.000000000Z  347.50  348.00  347.50  347.75
103       Cc1  2018-01-16T06:00:00.000000000Z  347.75  348.00  347.75  348.00
104       Cc1  2018-01-16T07:00:00.000000000Z  348.00  348.00  347.75  347.75
105       Cc1  2018-01-16T08:00:00.000000000Z  348.00  348.00  347.50  347.75
106       Cc1  2018-01-16T09:00:00.000000000Z  347.50  347.75  347.25  347.75
107       Cc1  2018-01-16T10:00:00.000000000Z  347.75  347.75  347.50  347.75
108       Cc1  2018-01-16T11:00:00.000000000Z  347.75  347.75  347.50  347.50
109       Cc1  2018-01-16T12:00:00.000000000Z  347.75  348.50  347.50  348.25
110       Cc1  2018-01-16T13:00:00.000000000Z  348.25  348.50  348.00  348.25
111       Cc1  2018-01-16T14:00:00.000000000Z  348.00  348.75  346.25  346.50
112       Cc1  2018-01-16T15:00:00.000000000Z  346.50  347.00  346.25  346.75
113       Cc1  2018-01-16T16:00:00.000000000Z  346.75  346.75  346.00  346.25
114       Cc1  2018-01-16T17:00:00.000000000Z  346.25  347.00  346.00  346.75
115       Cc1  2018-01-16T18:00:00.000000000Z  346.50  347.50  346.50  347.25
116       Cc1  2018-01-16T19:00:00.000000000Z  347.25  349.00  347.25  348.50
2018-01-12T08:00:00.000Z
2018-01-17T07:59:59.000Z
***Time Period From 2018-01-12T08:00:00.000Z To 2018-01-17T07:59:59.000Z
***Expected Fields ==> "Open","High","Low","Last"
_O0LkJJg9i2RDf3yW_sWTYJHNC_Di1FvAKCreXDt8B2lyX6KqK2heKoD18umKYnKAasOMhXhXoo6dkAURqKGNmF-o0Sbhuz-BikY0q6ed5bTpQbHLxcW2iI7b4Jnx84yPLzgQHvj2riKVkEAUcvCK7W2tjIUEgiJG1VaU-a1hXEersOiME0LSPqwcBzdVJqkGKocBYsPb5wqI4JCflZe-qRPMXmDOm3xosGqaOH0OZiROQh82JKatlVmOTFhDeNAxvW2ZbRGxLYqC-o52yP8buOKvS0hcV17Sv2IDAm6moEo
***** DEBUG FIELD NAME = ['Open', 'High', 'Low', 'Last']
/RestApi/v1/Extractions/ExtractRawResult(ExtractionId='0x060776a52d2b3026')
..... Waiting for data ready on TickHist Service.
0x060776a52d2b3026
    assetCode                 windowTimestamp    Open    High     Low    Last
2         Cc1  2018-01-12T01:00:00.000000000Z  348.75  349.00  348.00  348.75
3         Cc1  2018-01-12T02:00:00.000000000Z  348.75  348.75  348.50  348.75
4         Cc1  2018-01-12T03:00:00.000000000Z  348.75  348.75  348.50  348.75
5         Cc1  2018-01-12T04:00:00.000000000Z  348.50  349.00  348.50  348.75
6         Cc1  2018-01-12T05:00:00.000000000Z  348.75  348.75  348.50  348.75
7         Cc1  2018-01-12T06:00:00.000000000Z  348.75  348.75  348.50  348.75
8         Cc1  2018-01-12T07:00:00.000000000Z  348.75  349.25  348.50  349.25
9         Cc1  2018-01-12T08:00:00.000000000Z  349.25  349.50  349.00  349.25
10        Cc1  2018-01-12T09:00:00.000000000Z  349.00  349.50  348.75  349.50
11        Cc1  2018-01-12T10:00:00.000000000Z  349.50  349.75  349.25  349.50
12        Cc1  2018-01-12T11:00:00.000000000Z  349.50  349.50  349.25  349.25
13        Cc1  2018-01-12T12:00:00.000000000Z  349.50  349.50  349.25  349.25
14        Cc1  2018-01-12T13:00:00.000000000Z  349.25  349.75  349.25  349.25
15        Cc1  2018-01-12T14:00:00.000000000Z  349.25  349.75  348.75  349.25
16        Cc1  2018-01-12T15:00:00.000000000Z  349.25  349.75  348.75  349.00
17        Cc1  2018-01-12T16:00:00.000000000Z  349.00  349.50  348.25  349.00
18        Cc1  2018-01-12T17:00:00.000000000Z  349.00  350.00  346.00  346.50
19        Cc1  2018-01-12T18:00:00.000000000Z  346.50  346.50  345.50  346.25
20        Cc1  2018-01-12T19:00:00.000000000Z  346.25  347.50  345.75  347.25
98        Cc1  2018-01-16T01:00:00.000000000Z  347.25  349.25  347.00  348.50
99        Cc1  2018-01-16T02:00:00.000000000Z  348.25  348.75  348.00  348.00
100       Cc1  2018-01-16T03:00:00.000000000Z  348.00  348.25  347.75  347.75
101       Cc1  2018-01-16T04:00:00.000000000Z  347.75  348.00  347.50  347.75
102       Cc1  2018-01-16T05:00:00.000000000Z  347.50  348.00  347.50  347.75
103       Cc1  2018-01-16T06:00:00.000000000Z  347.75  348.00  347.75  348.00
104       Cc1  2018-01-16T07:00:00.000000000Z  348.00  348.00  347.75  347.75
105       Cc1  2018-01-16T08:00:00.000000000Z  348.00  348.00  347.50  347.75
106       Cc1  2018-01-16T09:00:00.000000000Z  347.50  347.75  347.25  347.75
107       Cc1  2018-01-16T10:00:00.000000000Z  347.75  347.75  347.50  347.75
108       Cc1  2018-01-16T11:00:00.000000000Z  347.75  347.75  347.50  347.50
109       Cc1  2018-01-16T12:00:00.000000000Z  347.75  348.50  347.50  348.25
110       Cc1  2018-01-16T13:00:00.000000000Z  348.25  348.50  348.00  348.25
111       Cc1  2018-01-16T14:00:00.000000000Z  348.00  348.75  346.25  346.50
112       Cc1  2018-01-16T15:00:00.000000000Z  346.50  347.00  346.25  346.75
113       Cc1  2018-01-16T16:00:00.000000000Z  346.75  346.75  346.00  346.25
114       Cc1  2018-01-16T17:00:00.000000000Z  346.25  347.00  346.00  346.75
115       Cc1  2018-01-16T18:00:00.000000000Z  346.50  347.50  346.50  347.25
116       Cc1  2018-01-16T19:00:00.000000000Z  347.25  349.00  347.25  348.50
2018-01-12T09:00:00.000Z
2018-01-17T08:59:59.000Z
***Time Period From 2018-01-12T09:00:00.000Z To 2018-01-17T08:59:59.000Z
***Expected Fields ==> "Open","High","Low","Last"
_99vbYlHSeA7ssPS_uMuexfPbZmpUlPXNYOuIowS39syOBrTKFVNhN4cY4LxZQnE7A_kXwLkQJhlToRCFPCq3J9_K6_lDCtJNsji0wNPvdA-OUVS7QFhcDK3gpX8Cp0KRaFNVhaUz1kOwYY-NIQJuT8esz_-ktFqfYbTzkXtHFnzoCPFQiyTnXOAC8H9k8zfjw8vcKgJGJZ98Ue7OMhCc7E3flelZWDDHMDkxb5PikDJ1bqQKUWL2WXg320KYGIN9eE5GJdqJsaTSS9dmEHh6tPOOWCucw__muglYjntRGtE
***** DEBUG FIELD NAME = ['Open', 'High', 'Low', 'Last']
/RestApi/v1/Extractions/ExtractRawResult(ExtractionId='0x0607770f436b2f96')
..... Waiting for data ready on TickHist Service.
..... Waiting for data ready on TickHist Service.
0x0607770f436b2f96
    assetCode                 windowTimestamp    Open    High     Low    Last
1         Cc1  2018-01-12T01:00:00.000000000Z  348.75  349.00  348.00  348.75
2         Cc1  2018-01-12T02:00:00.000000000Z  348.75  348.75  348.50  348.75
3         Cc1  2018-01-12T03:00:00.000000000Z  348.75  348.75  348.50  348.75
4         Cc1  2018-01-12T04:00:00.000000000Z  348.50  349.00  348.50  348.75
5         Cc1  2018-01-12T05:00:00.000000000Z  348.75  348.75  348.50  348.75
6         Cc1  2018-01-12T06:00:00.000000000Z  348.75  348.75  348.50  348.75
7         Cc1  2018-01-12T07:00:00.000000000Z  348.75  349.25  348.50  349.25
8         Cc1  2018-01-12T08:00:00.000000000Z  349.25  349.50  349.00  349.25
9         Cc1  2018-01-12T09:00:00.000000000Z  349.00  349.50  348.75  349.50
10        Cc1  2018-01-12T10:00:00.000000000Z  349.50  349.75  349.25  349.50
11        Cc1  2018-01-12T11:00:00.000000000Z  349.50  349.50  349.25  349.25
12        Cc1  2018-01-12T12:00:00.000000000Z  349.50  349.50  349.25  349.25
13        Cc1  2018-01-12T13:00:00.000000000Z  349.25  349.75  349.25  349.25
14        Cc1  2018-01-12T14:00:00.000000000Z  349.25  349.75  348.75  349.25
15        Cc1  2018-01-12T15:00:00.000000000Z  349.25  349.75  348.75  349.00
16        Cc1  2018-01-12T16:00:00.000000000Z  349.00  349.50  348.25  349.00
17        Cc1  2018-01-12T17:00:00.000000000Z  349.00  350.00  346.00  346.50
18        Cc1  2018-01-12T18:00:00.000000000Z  346.50  346.50  345.50  346.25
19        Cc1  2018-01-12T19:00:00.000000000Z  346.25  347.50  345.75  347.25
97        Cc1  2018-01-16T01:00:00.000000000Z  347.25  349.25  347.00  348.50
98        Cc1  2018-01-16T02:00:00.000000000Z  348.25  348.75  348.00  348.00
99        Cc1  2018-01-16T03:00:00.000000000Z  348.00  348.25  347.75  347.75
100       Cc1  2018-01-16T04:00:00.000000000Z  347.75  348.00  347.50  347.75
101       Cc1  2018-01-16T05:00:00.000000000Z  347.50  348.00  347.50  347.75
102       Cc1  2018-01-16T06:00:00.000000000Z  347.75  348.00  347.75  348.00
103       Cc1  2018-01-16T07:00:00.000000000Z  348.00  348.00  347.75  347.75
104       Cc1  2018-01-16T08:00:00.000000000Z  348.00  348.00  347.50  347.75
105       Cc1  2018-01-16T09:00:00.000000000Z  347.50  347.75  347.25  347.75
106       Cc1  2018-01-16T10:00:00.000000000Z  347.75  347.75  347.50  347.75
107       Cc1  2018-01-16T11:00:00.000000000Z  347.75  347.75  347.50  347.50
108       Cc1  2018-01-16T12:00:00.000000000Z  347.75  348.50  347.50  348.25
109       Cc1  2018-01-16T13:00:00.000000000Z  348.25  348.50  348.00  348.25
110       Cc1  2018-01-16T14:00:00.000000000Z  348.00  348.75  346.25  346.50
111       Cc1  2018-01-16T15:00:00.000000000Z  346.50  347.00  346.25  346.75
112       Cc1  2018-01-16T16:00:00.000000000Z  346.75  346.75  346.00  346.25
113       Cc1  2018-01-16T17:00:00.000000000Z  346.25  347.00  346.00  346.75
114       Cc1  2018-01-16T18:00:00.000000000Z  346.50  347.50  346.50  347.25
115       Cc1  2018-01-16T19:00:00.000000000Z  347.25  349.00  347.25  348.50
2018-01-12T09:00:00.000Z
2018-01-17T08:59:59.000Z
***Time Period From 2018-01-12T09:00:00.000Z To 2018-01-17T08:59:59.000Z
***Expected Fields ==> "Open","High","Low","Last"
_hb8c0Y2figbscpc-q7PI4yGDKdKQP_RhdaB_LhIEJm-3_5muR-yRSGtt8ojYvrwMC4q4Eay1sRUzVyBQBWWMIcD-udyYCf32Hu6wL0L1YYXseeV6xmhtMLFfL8jCQUNyLsYZGpYdzyA8y9vdPR0hh0-qMXgSwVaHzS8hGNL1VCF6DiRmtG79LH0BxS76hmgmbsept-z3z7XMIs2l5L6QyDizBWlcbtbXckdVSHoPqbRRXOY6vwbee56MeKGyBWQM8xfOmqkxJVvabb9AAI2Yc0Vc3nFuaddyBIy1T-BMb6o
***** DEBUG FIELD NAME = ['Open', 'High', 'Low', 'Last']
/RestApi/v1/Extractions/ExtractRawResult(ExtractionId='0x0607778cb89b2f86')
..... Waiting for data ready on TickHist Service.
0x0607778cb89b2f86
    assetCode                 windowTimestamp    Open    High     Low    Last
1         Cc1  2018-01-12T01:00:00.000000000Z  348.75  349.00  348.00  348.75
2         Cc1  2018-01-12T02:00:00.000000000Z  348.75  348.75  348.50  348.75
3         Cc1  2018-01-12T03:00:00.000000000Z  348.75  348.75  348.50  348.75
4         Cc1  2018-01-12T04:00:00.000000000Z  348.50  349.00  348.50  348.75
5         Cc1  2018-01-12T05:00:00.000000000Z  348.75  348.75  348.50  348.75
6         Cc1  2018-01-12T06:00:00.000000000Z  348.75  348.75  348.50  348.75
7         Cc1  2018-01-12T07:00:00.000000000Z  348.75  349.25  348.50  349.25
8         Cc1  2018-01-12T08:00:00.000000000Z  349.25  349.50  349.00  349.25
9         Cc1  2018-01-12T09:00:00.000000000Z  349.00  349.50  348.75  349.50
10        Cc1  2018-01-12T10:00:00.000000000Z  349.50  349.75  349.25  349.50
11        Cc1  2018-01-12T11:00:00.000000000Z  349.50  349.50  349.25  349.25
12        Cc1  2018-01-12T12:00:00.000000000Z  349.50  349.50  349.25  349.25
13        Cc1  2018-01-12T13:00:00.000000000Z  349.25  349.75  349.25  349.25
14        Cc1  2018-01-12T14:00:00.000000000Z  349.25  349.75  348.75  349.25
15        Cc1  2018-01-12T15:00:00.000000000Z  349.25  349.75  348.75  349.00
16        Cc1  2018-01-12T16:00:00.000000000Z  349.00  349.50  348.25  349.00
17        Cc1  2018-01-12T17:00:00.000000000Z  349.00  350.00  346.00  346.50
18        Cc1  2018-01-12T18:00:00.000000000Z  346.50  346.50  345.50  346.25
19        Cc1  2018-01-12T19:00:00.000000000Z  346.25  347.50  345.75  347.25
97        Cc1  2018-01-16T01:00:00.000000000Z  347.25  349.25  347.00  348.50
98        Cc1  2018-01-16T02:00:00.000000000Z  348.25  348.75  348.00  348.00
99        Cc1  2018-01-16T03:00:00.000000000Z  348.00  348.25  347.75  347.75
100       Cc1  2018-01-16T04:00:00.000000000Z  347.75  348.00  347.50  347.75
101       Cc1  2018-01-16T05:00:00.000000000Z  347.50  348.00  347.50  347.75
102       Cc1  2018-01-16T06:00:00.000000000Z  347.75  348.00  347.75  348.00
103       Cc1  2018-01-16T07:00:00.000000000Z  348.00  348.00  347.75  347.75
104       Cc1  2018-01-16T08:00:00.000000000Z  348.00  348.00  347.50  347.75
105       Cc1  2018-01-16T09:00:00.000000000Z  347.50  347.75  347.25  347.75
106       Cc1  2018-01-16T10:00:00.000000000Z  347.75  347.75  347.50  347.75
107       Cc1  2018-01-16T11:00:00.000000000Z  347.75  347.75  347.50  347.50
108       Cc1  2018-01-16T12:00:00.000000000Z  347.75  348.50  347.50  348.25
109       Cc1  2018-01-16T13:00:00.000000000Z  348.25  348.50  348.00  348.25
110       Cc1  2018-01-16T14:00:00.000000000Z  348.00  348.75  346.25  346.50
111       Cc1  2018-01-16T15:00:00.000000000Z  346.50  347.00  346.25  346.75
112       Cc1  2018-01-16T16:00:00.000000000Z  346.75  346.75  346.00  346.25
113       Cc1  2018-01-16T17:00:00.000000000Z  346.25  347.00  346.00  346.75
114       Cc1  2018-01-16T18:00:00.000000000Z  346.50  347.50  346.50  347.25
115       Cc1  2018-01-16T19:00:00.000000000Z  347.25  349.00  347.25  348.50
